<?xml version="1.0" encoding="UTF-8"?>
<!-- Generated by org.testng.reporters.JUnitReportReporter -->
<testsuite hostname="User-PC" name="com.powerhouse.testcases.PowerSiteUpgradeGold" tests="1" failures="0" timestamp="5 Sep 2017 04:42:51 GMT" time="36.214" errors="0">
  <testcase name="f" time="36.214" classname="com.powerhouse.testcases.PowerSiteUpgradeGold"/>
</testsuite> <!-- com.powerhouse.testcases.PowerSiteUpgradeGold -->
